<?xml version="1.0" encoding="UTF-8"?>
<robot generator="Robot 7.1 (Python 3.12.3 on linux)" generated="2024-10-07T09:41:30.827583" rpa="false" schemaversion="5">
<suite id="s1" name="Calculadora Tests" source="/var/www/html/CalculatorPHPTests/robot-tests/calculadora_tests.robot">
<test id="s1-t1" name="Testar Adicao Com Valores Positivos" line="9">
<kw name="Open Browser" owner="SeleniumLibrary">
<msg time="2024-10-07T09:41:30.937286" level="WARN">exexcutable_path is being deprecated. Please use service to configure the driver's executable_path as per documentation.</msg>
<msg time="2024-10-07T09:41:30.937437" level="INFO">Opening browser 'chrome' to base url 'http://localhost/CalculatorPHPTests/src/index.php'.</msg>
<arg>${URL}</arg>
<arg>chrome</arg>
<arg>executable_path=${CHROMEDRIVER_PATH}</arg>
<doc>Opens a new browser instance to the optional ``url``.</doc>
<status status="PASS" start="2024-10-07T09:41:30.936993" elapsed="1.385715"/>
</kw>
<kw name="Input Text" owner="SeleniumLibrary">
<msg time="2024-10-07T09:41:32.323756" level="INFO">Typing text '80' into text field 'name=num1'.</msg>
<arg>name=num1</arg>
<arg>80</arg>
<doc>Types the given ``text`` into the text field identified by ``locator``.</doc>
<status status="PASS" start="2024-10-07T09:41:32.323150" elapsed="0.132529"/>
</kw>
<kw name="Input Text" owner="SeleniumLibrary">
<msg time="2024-10-07T09:41:32.456207" level="INFO">Typing text '4' into text field 'name=num2'.</msg>
<arg>name=num2</arg>
<arg>4</arg>
<doc>Types the given ``text`` into the text field identified by ``locator``.</doc>
<status status="PASS" start="2024-10-07T09:41:32.455988" elapsed="0.080067"/>
</kw>
<kw name="Select From List By Value" owner="SeleniumLibrary">
<msg time="2024-10-07T09:41:32.536542" level="INFO">Selecting options from selection list 'name=operation' by value add.</msg>
<arg>name=operation</arg>
<arg>add</arg>
<doc>Selects options from selection list ``locator`` by ``values``.</doc>
<status status="PASS" start="2024-10-07T09:41:32.536304" elapsed="0.051252"/>
</kw>
<kw name="Click Button" owner="SeleniumLibrary">
<msg time="2024-10-07T09:41:32.588013" level="INFO">Clicking button 'xpath=//button[text()='Calcular']'.</msg>
<arg>xpath=//button[text()='Calcular']</arg>
<doc>Clicks the button identified by ``locator``.</doc>
<status status="PASS" start="2024-10-07T09:41:32.587795" elapsed="0.122223"/>
</kw>
<kw name="Wait Until Page Contains Element" owner="SeleniumLibrary">
<arg>xpath=//h3[contains(@class, "resultado")]</arg>
<arg>timeout=30</arg>
<doc>Waits until the element ``locator`` appears on the current page.</doc>
<status status="PASS" start="2024-10-07T09:41:32.710248" elapsed="0.012259"/>
</kw>
<kw name="Get Text" owner="SeleniumLibrary">
<msg time="2024-10-07T09:41:32.743816" level="INFO">${resultado} = Resultado: 84</msg>
<var>${resultado}</var>
<arg>xpath=//h3[contains(@class, "resultado")]</arg>
<doc>Returns the text value of the element identified by ``locator``.</doc>
<status status="PASS" start="2024-10-07T09:41:32.722892" elapsed="0.020968"/>
</kw>
<kw name="Should Contain" owner="BuiltIn">
<arg>${resultado}</arg>
<arg>Resultado: 84</arg>
<doc>Fails if ``container`` does not contain ``item`` one or more times.</doc>
<status status="PASS" start="2024-10-07T09:41:32.744069" elapsed="0.000203"/>
</kw>
<kw name="Close Browser" owner="SeleniumLibrary">
<doc>Closes the current browser.</doc>
<status status="PASS" start="2024-10-07T09:41:32.744424" elapsed="0.127777"/>
</kw>
<doc>Testar a funcionalidade de adição com valores positivos na calculadora</doc>
<status status="PASS" start="2024-10-07T09:41:30.935896" elapsed="1.936705"/>
</test>
<test id="s1-t2" name="Testar Subtracao Com Valores Positivos" line="22">
<kw name="Open Browser" owner="SeleniumLibrary">
<msg time="2024-10-07T09:41:32.873658" level="WARN">exexcutable_path is being deprecated. Please use service to configure the driver's executable_path as per documentation.</msg>
<msg time="2024-10-07T09:41:32.873781" level="INFO">Opening browser 'chrome' to base url 'http://localhost/CalculatorPHPTests/src/index.php'.</msg>
<arg>${URL}</arg>
<arg>chrome</arg>
<arg>executable_path=${CHROMEDRIVER_PATH}</arg>
<doc>Opens a new browser instance to the optional ``url``.</doc>
<status status="PASS" start="2024-10-07T09:41:32.873369" elapsed="1.507693"/>
</kw>
<kw name="Input Text" owner="SeleniumLibrary">
<msg time="2024-10-07T09:41:34.383303" level="INFO">Typing text '100' into text field 'name=num1'.</msg>
<arg>name=num1</arg>
<arg>100</arg>
<doc>Types the given ``text`` into the text field identified by ``locator``.</doc>
<status status="PASS" start="2024-10-07T09:41:34.382192" elapsed="0.137596"/>
</kw>
<kw name="Input Text" owner="SeleniumLibrary">
<msg time="2024-10-07T09:41:34.520236" level="INFO">Typing text '50' into text field 'name=num2'.</msg>
<arg>name=num2</arg>
<arg>50</arg>
<doc>Types the given ``text`` into the text field identified by ``locator``.</doc>
<status status="PASS" start="2024-10-07T09:41:34.520028" elapsed="0.082301"/>
</kw>
<kw name="Select From List By Value" owner="SeleniumLibrary">
<msg time="2024-10-07T09:41:34.602849" level="INFO">Selecting options from selection list 'name=operation' by value subtract.</msg>
<arg>name=operation</arg>
<arg>subtract</arg>
<doc>Selects options from selection list ``locator`` by ``values``.</doc>
<status status="PASS" start="2024-10-07T09:41:34.602590" elapsed="0.084207"/>
</kw>
<kw name="Click Button" owner="SeleniumLibrary">
<msg time="2024-10-07T09:41:34.687261" level="INFO">Clicking button 'xpath=//button[text()='Calcular']'.</msg>
<arg>xpath=//button[text()='Calcular']</arg>
<doc>Clicks the button identified by ``locator``.</doc>
<status status="PASS" start="2024-10-07T09:41:34.687047" elapsed="0.090297"/>
</kw>
<kw name="Wait Until Page Contains Element" owner="SeleniumLibrary">
<arg>xpath=//h3[contains(@class, "resultado")]</arg>
<arg>timeout=30</arg>
<doc>Waits until the element ``locator`` appears on the current page.</doc>
<status status="PASS" start="2024-10-07T09:41:34.777556" elapsed="0.015027"/>
</kw>
<kw name="Get Text" owner="SeleniumLibrary">
<msg time="2024-10-07T09:41:34.821512" level="INFO">${resultado} = Resultado: 50</msg>
<var>${resultado}</var>
<arg>xpath=//h3[contains(@class, "resultado")]</arg>
<doc>Returns the text value of the element identified by ``locator``.</doc>
<status status="PASS" start="2024-10-07T09:41:34.792883" elapsed="0.028675"/>
</kw>
<kw name="Should Contain" owner="BuiltIn">
<arg>${resultado}</arg>
<arg>Resultado: 50</arg>
<doc>Fails if ``container`` does not contain ``item`` one or more times.</doc>
<status status="PASS" start="2024-10-07T09:41:34.821798" elapsed="0.000216"/>
</kw>
<kw name="Close Browser" owner="SeleniumLibrary">
<doc>Closes the current browser.</doc>
<status status="PASS" start="2024-10-07T09:41:34.822175" elapsed="0.116914"/>
</kw>
<doc>Testar a funcionalidade de subtração com valores positivos na calculadora</doc>
<status status="PASS" start="2024-10-07T09:41:32.872938" elapsed="2.066418"/>
</test>
<test id="s1-t3" name="Testar Divisao Com Zero" line="35">
<kw name="Open Browser" owner="SeleniumLibrary">
<msg time="2024-10-07T09:41:34.940321" level="WARN">exexcutable_path is being deprecated. Please use service to configure the driver's executable_path as per documentation.</msg>
<msg time="2024-10-07T09:41:34.940440" level="INFO">Opening browser 'chrome' to base url 'http://localhost/CalculatorPHPTests/src/index.php'.</msg>
<arg>${URL}</arg>
<arg>chrome</arg>
<arg>executable_path=${CHROMEDRIVER_PATH}</arg>
<doc>Opens a new browser instance to the optional ``url``.</doc>
<status status="PASS" start="2024-10-07T09:41:34.940021" elapsed="1.430993"/>
</kw>
<kw name="Input Text" owner="SeleniumLibrary">
<msg time="2024-10-07T09:41:36.372081" level="INFO">Typing text '10' into text field 'name=num1'.</msg>
<arg>name=num1</arg>
<arg>10</arg>
<doc>Types the given ``text`` into the text field identified by ``locator``.</doc>
<status status="PASS" start="2024-10-07T09:41:36.371616" elapsed="0.188963"/>
</kw>
<kw name="Input Text" owner="SeleniumLibrary">
<msg time="2024-10-07T09:41:36.561313" level="INFO">Typing text '0' into text field 'name=num2'.</msg>
<arg>name=num2</arg>
<arg>0</arg>
<doc>Types the given ``text`` into the text field identified by ``locator``.</doc>
<status status="PASS" start="2024-10-07T09:41:36.560974" elapsed="0.111471"/>
</kw>
<kw name="Select From List By Value" owner="SeleniumLibrary">
<msg time="2024-10-07T09:41:36.673127" level="INFO">Selecting options from selection list 'name=operation' by value divide.</msg>
<arg>name=operation</arg>
<arg>divide</arg>
<doc>Selects options from selection list ``locator`` by ``values``.</doc>
<status status="PASS" start="2024-10-07T09:41:36.672780" elapsed="0.081350"/>
</kw>
<kw name="Click Button" owner="SeleniumLibrary">
<msg time="2024-10-07T09:41:36.754664" level="INFO">Clicking button 'xpath=//button[text()='Calcular']'.</msg>
<arg>xpath=//button[text()='Calcular']</arg>
<doc>Clicks the button identified by ``locator``.</doc>
<status status="PASS" start="2024-10-07T09:41:36.754416" elapsed="0.099701"/>
</kw>
<kw name="Wait Until Page Contains Element" owner="SeleniumLibrary">
<arg>xpath=//h3[contains(@class, "error")]</arg>
<arg>timeout=30</arg>
<doc>Waits until the element ``locator`` appears on the current page.</doc>
<status status="PASS" start="2024-10-07T09:41:36.854337" elapsed="0.012352"/>
</kw>
<kw name="Get Text" owner="SeleniumLibrary">
<msg time="2024-10-07T09:41:36.888925" level="INFO">${erro} = Erro: Divisão por zero não é permitida.</msg>
<var>${erro}</var>
<arg>xpath=//h3[contains(@class, "error")]</arg>
<doc>Returns the text value of the element identified by ``locator``.</doc>
<status status="PASS" start="2024-10-07T09:41:36.866995" elapsed="0.021979"/>
</kw>
<kw name="Should Contain" owner="BuiltIn">
<arg>${erro}</arg>
<arg>Erro: Divisão por zero não é permitida.</arg>
<doc>Fails if ``container`` does not contain ``item`` one or more times.</doc>
<status status="PASS" start="2024-10-07T09:41:36.889267" elapsed="0.000208"/>
</kw>
<kw name="Close Browser" owner="SeleniumLibrary">
<doc>Closes the current browser.</doc>
<status status="PASS" start="2024-10-07T09:41:36.889653" elapsed="0.119059"/>
</kw>
<doc>Testar divisão por zero na calculadora</doc>
<status status="PASS" start="2024-10-07T09:41:34.939620" elapsed="2.069524"/>
</test>
<status status="PASS" start="2024-10-07T09:41:30.828345" elapsed="6.181438"/>
</suite>
<statistics>
<total>
<stat pass="3" fail="0" skip="0">All Tests</stat>
</total>
<tag>
</tag>
<suite>
<stat pass="3" fail="0" skip="0" id="s1" name="Calculadora Tests">Calculadora Tests</stat>
</suite>
</statistics>
<errors>
<msg time="2024-10-07T09:41:30.937286" level="WARN">exexcutable_path is being deprecated. Please use service to configure the driver's executable_path as per documentation.</msg>
<msg time="2024-10-07T09:41:32.873658" level="WARN">exexcutable_path is being deprecated. Please use service to configure the driver's executable_path as per documentation.</msg>
<msg time="2024-10-07T09:41:34.940321" level="WARN">exexcutable_path is being deprecated. Please use service to configure the driver's executable_path as per documentation.</msg>
</errors>
</robot>
